[    29.154] (--) Log file renamed from "/home/deep/.local/share/xorg/Xorg.pid-1273.log" to "/home/deep/.local/share/xorg/Xorg.0.log"
[    29.156] 
X.Org X Server 1.20.5
X Protocol Version 11, Revision 0
[    29.157] Build Operating System: Linux 4.4.0-170-generic x86_64 Ubuntu
[    29.157] Current Operating System: Linux ubuntu 5.3.0-28-generic #30~18.04.1-Ubuntu SMP Fri Jan 17 06:14:09 UTC 2020 x86_64
[    29.157] Kernel command line: BOOT_IMAGE=/boot/vmlinuz-5.3.0-28-generic root=UUID=743a6109-eacd-466e-8d44-ce420ceaff1d ro find_preseed=/preseed.cfg auto noprompt priority=critical locale=en_US quiet
[    29.158] Build Date: 18 December 2019  08:15:29AM
[    29.158] xorg-server-hwe-18.04 2:1.20.5+git20191008-0ubuntu1~18.04.1 (For technical support please see http://www.ubuntu.com/support) 
[    29.158] Current version of pixman: 0.34.0
[    29.158] 	Before reporting problems, check http://wiki.x.org
	to make sure that you have the latest version.
[    29.158] Markers: (--) probed, (**) from config file, (==) default setting,
	(++) from command line, (!!) notice, (II) informational,
	(WW) warning, (EE) error, (NI) not implemented, (??) unknown.
[    29.158] (==) Log file: "/home/deep/.local/share/xorg/Xorg.0.log", Time: Thu Jan 30 11:26:44 2020
[    29.160] (==) Using system config directory "/usr/share/X11/xorg.conf.d"
[    29.163] (==) No Layout section.  Using the first Screen section.
[    29.164] (==) No screen section available. Using defaults.
[    29.164] (**) |-->Screen "Default Screen Section" (0)
[    29.164] (**) |   |-->Monitor "<default monitor>"
[    29.166] (==) No monitor specified for screen "Default Screen Section".
	Using a default monitor configuration.
[    29.166] (==) Automatically adding devices
[    29.166] (==) Automatically enabling devices
[    29.166] (==) Automatically adding GPU devices
[    29.166] (==) Automatically binding GPU devices
[    29.167] (==) Max clients allowed: 256, resource mask: 0x1fffff
[    29.167] (WW) The directory "/usr/share/fonts/X11/cyrillic" does not exist.
[    29.168] 	Entry deleted from font path.
[    29.168] (WW) The directory "/usr/share/fonts/X11/100dpi/" does not exist.
[    29.168] 	Entry deleted from font path.
[    29.168] (WW) The directory "/usr/share/fonts/X11/75dpi/" does not exist.
[    29.168] 	Entry deleted from font path.
[    29.168] (WW) The directory "/usr/share/fonts/X11/100dpi" does not exist.
[    29.168] 	Entry deleted from font path.
[    29.168] (WW) The directory "/usr/share/fonts/X11/75dpi" does not exist.
[    29.168] 	Entry deleted from font path.
[    29.168] (==) FontPath set to:
	/usr/share/fonts/X11/misc,
	/usr/share/fonts/X11/Type1,
	built-ins
[    29.168] (==) ModulePath set to "/usr/lib/xorg/modules"
[    29.168] (II) The server relies on udev to provide the list of input devices.
	If no devices become available, reconfigure udev or disable AutoAddDevices.
[    29.168] (II) Loader magic: 0x560434d03020
[    29.168] (II) Module ABI versions:
[    29.168] 	X.Org ANSI C Emulation: 0.4
[    29.168] 	X.Org Video Driver: 24.0
[    29.168] 	X.Org XInput driver : 24.1
[    29.168] 	X.Org Server Extension : 10.0
[    29.171] (++) using VT number 2

[    29.177] (II) systemd-logind: took control of session /org/freedesktop/login1/session/_32
[    29.178] (II) xfree86: Adding drm device (/dev/dri/card0)
[    29.183] (II) systemd-logind: got fd for /dev/dri/card0 226:0 fd 12 paused 0
[    29.191] (--) PCI:*(0@0:15:0) 15ad:0405:15ad:0405 rev 0, Mem @ 0xe8000000/134217728, 0xfe000000/8388608, I/O @ 0x00001070/16, BIOS @ 0x????????/131072
[    29.191] (II) LoadModule: "glx"
[    29.193] (II) Loading /usr/lib/xorg/modules/extensions/libglx.so
[    29.198] (II) Module glx: vendor="X.Org Foundation"
[    29.198] 	compiled for 1.20.5, module version = 1.0.0
[    29.199] 	ABI class: X.Org Server Extension, version 10.0
[    29.199] (==) Matched vmware as autoconfigured driver 0
[    29.199] (==) Matched modesetting as autoconfigured driver 1
[    29.199] (==) Matched fbdev as autoconfigured driver 2
[    29.199] (==) Matched vesa as autoconfigured driver 3
[    29.200] (==) Assigned the driver to the xf86ConfigLayout
[    29.200] (II) LoadModule: "vmware"
[    29.200] (II) Loading /usr/lib/xorg/modules/drivers/vmware_drv.so
[    29.233] (II) Module vmware: vendor="X.Org Foundation"
[    29.233] 	compiled for 1.20.1, module version = 13.3.0
[    29.234] 	Module class: X.Org Video Driver
[    29.234] 	ABI class: X.Org Video Driver, version 24.0
[    29.234] (II) LoadModule: "modesetting"
[    29.234] (II) Loading /usr/lib/xorg/modules/drivers/modesetting_drv.so
[    29.237] (II) Module modesetting: vendor="X.Org Foundation"
[    29.237] 	compiled for 1.20.5, module version = 1.20.5
[    29.238] 	Module class: X.Org Video Driver
[    29.238] 	ABI class: X.Org Video Driver, version 24.0
[    29.238] (II) LoadModule: "fbdev"
[    29.239] (II) Loading /usr/lib/xorg/modules/drivers/fbdev_drv.so
[    29.241] (II) Module fbdev: vendor="X.Org Foundation"
[    29.241] 	compiled for 1.20.1, module version = 0.5.0
[    29.241] 	Module class: X.Org Video Driver
[    29.241] 	ABI class: X.Org Video Driver, version 24.0
[    29.241] (II) LoadModule: "vesa"
[    29.242] (II) Loading /usr/lib/xorg/modules/drivers/vesa_drv.so
[    29.244] (II) Module vesa: vendor="X.Org Foundation"
[    29.244] 	compiled for 1.20.1, module version = 2.4.0
[    29.244] 	Module class: X.Org Video Driver
[    29.244] 	ABI class: X.Org Video Driver, version 24.0
[    29.244] (II) vmware: driver for VMware SVGA: vmware0405, vmware0710
[    29.244] (II) modesetting: Driver for Modesetting Kernel Drivers: kms
[    29.245] (II) FBDEV: driver for framebuffer: fbdev
[    29.245] (II) VESA: driver for VESA chipsets: vesa
[    29.246] xf86EnableIOPorts: failed to set IOPL for I/O (Operation not permitted)
[    29.246] (WW) Falling back to old probe method for modesetting
[    29.246] (WW) Falling back to old probe method for fbdev
[    29.246] (II) Loading sub module "fbdevhw"
[    29.246] (II) LoadModule: "fbdevhw"
[    29.247] (II) Loading /usr/lib/xorg/modules/libfbdevhw.so
[    29.249] (II) Module fbdevhw: vendor="X.Org Foundation"
[    29.249] 	compiled for 1.20.5, module version = 0.0.2
[    29.249] 	ABI class: X.Org Video Driver, version 24.0
[    29.249] (EE) open /dev/fb0: Permission denied
[    29.249] (WW) VGA arbiter: cannot open kernel arbiter, no multi-card support
[    29.250] (II) vmware(0): Creating default Display subsection in Screen section
	"Default Screen Section" for depth/fbbpp 24/32
[    29.250] (--) vmware(0): DRM driver version is 2.15.0
[    29.250] (==) vmware(0): Depth 24, (--) framebuffer bpp 32
[    29.250] (==) vmware(0): RGB weight 888
[    29.250] (==) vmware(0): Default visual is TrueColor
[    29.251] (--) vmware(0): Min width 1, Max Width 16384.
[    29.251] (--) vmware(0): Min height 1, Max Height 16384.
[    29.251] (II) vmware(0): Output Virtual1 has no monitor section
[    29.251] (II) vmware(0): Output Virtual2 has no monitor section
[    29.252] (II) vmware(0): Output Virtual3 has no monitor section
[    29.252] (II) vmware(0): Output Virtual4 has no monitor section
[    29.252] (II) vmware(0): Output Virtual5 has no monitor section
[    29.252] (II) vmware(0): Output Virtual6 has no monitor section
[    29.252] (II) vmware(0): Output Virtual7 has no monitor section
[    29.253] (II) vmware(0): Output Virtual8 has no monitor section
[    29.253] (II) vmware(0): Printing probed modes for output Virtual1
[    29.253] (II) vmware(0): Modeline "1160x612"x60.0   59.89  1160 1210 1260 1310  612 662 712 762 -hsync +vsync (45.7 kHz eP)
[    29.253] (II) vmware(0): Modeline "2560x1600"x60.0  348.50  2560 2752 3032 3504  1600 1603 1609 1658 -hsync +vsync (99.5 kHz e)
[    29.253] (II) vmware(0): Modeline "1920x1440"x60.0  234.00  1920 2048 2256 2600  1440 1441 1444 1500 -hsync +vsync (90.0 kHz e)
[    29.254] (II) vmware(0): Modeline "1856x1392"x60.0  218.25  1856 1952 2176 2528  1392 1393 1396 1439 -hsync +vsync (86.3 kHz e)
[    29.254] (II) vmware(0): Modeline "1792x1344"x60.0  204.75  1792 1920 2120 2448  1344 1345 1348 1394 -hsync +vsync (83.6 kHz e)
[    29.254] (II) vmware(0): Modeline "1920x1200"x59.9  193.25  1920 2056 2256 2592  1200 1203 1209 1245 -hsync +vsync (74.6 kHz e)
[    29.254] (II) vmware(0): Modeline "1600x1200"x60.0  162.00  1600 1664 1856 2160  1200 1201 1204 1250 +hsync +vsync (75.0 kHz e)
[    29.254] (II) vmware(0): Modeline "1680x1050"x60.0  146.25  1680 1784 1960 2240  1050 1053 1059 1089 -hsync +vsync (65.3 kHz e)
[    29.254] (II) vmware(0): Modeline "1400x1050"x60.0  121.75  1400 1488 1632 1864  1050 1053 1057 1089 -hsync +vsync (65.3 kHz e)
[    29.255] (II) vmware(0): Modeline "1280x1024"x60.0  108.00  1280 1328 1440 1688  1024 1025 1028 1066 +hsync +vsync (64.0 kHz e)
[    29.255] (II) vmware(0): Modeline "1440x900"x59.9  106.50  1440 1520 1672 1904  900 903 909 934 -hsync +vsync (55.9 kHz e)
[    29.255] (II) vmware(0): Modeline "1280x960"x60.0  108.00  1280 1376 1488 1800  960 961 964 1000 +hsync +vsync (60.0 kHz e)
[    29.255] (II) vmware(0): Modeline "1360x768"x60.0   85.50  1360 1424 1536 1792  768 771 777 795 +hsync +vsync (47.7 kHz e)
[    29.255] (II) vmware(0): Modeline "1280x800"x59.8   83.50  1280 1352 1480 1680  800 803 809 831 +hsync -vsync (49.7 kHz e)
[    29.255] (II) vmware(0): Modeline "1152x864"x75.0  108.00  1152 1216 1344 1600  864 865 868 900 +hsync +vsync (67.5 kHz e)
[    29.255] (II) vmware(0): Modeline "1280x768"x59.9   79.50  1280 1344 1472 1664  768 771 778 798 -hsync +vsync (47.8 kHz e)
[    29.255] (II) vmware(0): Modeline "1024x768"x60.0   65.00  1024 1048 1184 1344  768 771 777 806 -hsync -vsync (48.4 kHz e)
[    29.255] (II) vmware(0): Modeline "800x600"x60.3   40.00  800 840 968 1056  600 601 605 628 +hsync +vsync (37.9 kHz e)
[    29.255] (II) vmware(0): Modeline "640x480"x59.9   25.18  640 656 752 800  480 489 492 525 -hsync -vsync (31.5 kHz e)
[    29.255] (II) vmware(0): EDID for output Virtual2
[    29.255] (II) vmware(0): EDID for output Virtual3
[    29.255] (II) vmware(0): EDID for output Virtual4
[    29.255] (II) vmware(0): EDID for output Virtual5
[    29.255] (II) vmware(0): EDID for output Virtual6
[    29.255] (II) vmware(0): EDID for output Virtual7
[    29.255] (II) vmware(0): EDID for output Virtual8
[    29.255] (II) vmware(0): Output Virtual1 connected
[    29.255] (II) vmware(0): Output Virtual2 disconnected
[    29.255] (II) vmware(0): Output Virtual3 disconnected
[    29.255] (II) vmware(0): Output Virtual4 disconnected
[    29.255] (II) vmware(0): Output Virtual5 disconnected
[    29.255] (II) vmware(0): Output Virtual6 disconnected
[    29.255] (II) vmware(0): Output Virtual7 disconnected
[    29.255] (II) vmware(0): Output Virtual8 disconnected
[    29.256] (II) vmware(0): Using exact sizes for initial modes
[    29.256] (II) vmware(0): Output Virtual1 using initial mode 1160x612 +0+0
[    29.256] (==) vmware(0): DPI set to (96, 96)
[    29.256] (==) vmware(0): Using gamma correction (1.0, 1.0, 1.0)
[    29.256] (II) Loading sub module "fb"
[    29.256] (II) LoadModule: "fb"
[    29.256] (II) Loading /usr/lib/xorg/modules/libfb.so
[    29.260] (II) Module fb: vendor="X.Org Foundation"
[    29.260] 	compiled for 1.20.5, module version = 1.0.0
[    29.260] 	ABI class: X.Org ANSI C Emulation, version 0.4
[    29.260] (II) Loading sub module "dri2"
[    29.260] (II) LoadModule: "dri2"
[    29.260] (II) Module "dri2" already built-in
[    29.260] (II) Loading sub module "dri3"
[    29.260] (II) LoadModule: "dri3"
[    29.260] (II) Module "dri3" already built-in
[    29.260] (II) UnloadModule: "modesetting"
[    29.260] (II) Unloading modesetting
[    29.260] (II) UnloadModule: "fbdev"
[    29.260] (II) Unloading fbdev
[    29.260] (II) UnloadSubModule: "fbdevhw"
[    29.260] (II) Unloading fbdevhw
[    29.261] (II) UnloadModule: "vesa"
[    29.261] (II) Unloading vesa
[    29.263] (II) vmware(0): Initialized VMWARE_CTRL extension version 0.2
[    29.295] (II) vmware(0): Gallium3D XA version: 2.5.0.
[    29.295] (II) vmware(0): Path of drm device is "/dev/dri/card0".
[    29.296] (II) vmware(0): [DRI2] Setup complete
[    29.296] (II) vmware(0): [DRI2]   DRI driver: vmwgfx
[    30.017] (--) vmware(0): Render acceleration is enabled.
[    30.018] (==) vmware(0): Rendercheck mode is disabled.
[    30.018] (--) vmware(0): Direct rendering (DRI2 3D) is enabled.
[    30.018] (--) vmware(0): Direct rendering (DRI3 3D) is enabled.
[    30.018] (==) vmware(0): Direct presents are disabled.
[    30.018] (==) vmware(0): Hardware only presents are automatic per scanout.
[    30.018] (==) vmware(0): Backing store enabled
[    30.018] (==) vmware(0): Silken mouse enabled
[    30.023] (==) vmware(0): DPMS enabled
[    30.023] (II) Initializing extension Generic Event Extension
[    30.023] (II) Initializing extension SHAPE
[    30.024] (II) Initializing extension MIT-SHM
[    30.024] (II) Initializing extension XInputExtension
[    30.025] (II) Initializing extension XTEST
[    30.025] (II) Initializing extension BIG-REQUESTS
[    30.025] (II) Initializing extension SYNC
[    30.025] (II) Initializing extension XKEYBOARD
[    30.026] (II) Initializing extension XC-MISC
[    30.026] (II) Initializing extension SECURITY
[    30.026] (II) Initializing extension XFIXES
[    30.026] (II) Initializing extension RENDER
[    30.026] (II) Initializing extension RANDR
[    30.026] (II) Initializing extension COMPOSITE
[    30.026] (II) Initializing extension DAMAGE
[    30.027] (II) Initializing extension MIT-SCREEN-SAVER
[    30.027] (II) Initializing extension DOUBLE-BUFFER
[    30.027] (II) Initializing extension RECORD
[    30.027] (II) Initializing extension DPMS
[    30.027] (II) Initializing extension Present
[    30.027] (II) Initializing extension DRI3
[    30.030] (II) Initializing extension X-Resource
[    30.030] (II) Initializing extension XVideo
[    30.030] (II) Initializing extension XVideo-MotionCompensation
[    30.030] (II) Initializing extension SELinux
[    30.031] (II) SELinux: Disabled on system
[    30.031] (II) Initializing extension GLX
[    30.065] (II) AIGLX: Loaded and initialized vmwgfx
[    30.066] (II) GLX: Initialized DRI2 GL provider for screen 0
[    30.066] (II) Initializing extension XFree86-VidModeExtension
[    30.066] (II) Initializing extension XFree86-DGA
[    30.066] (II) Initializing extension XFree86-DRI
[    30.066] (II) Initializing extension DRI2
[    30.076] (II) vmware(0): Setting screen physical size to 306 x 161
[    30.125] (II) config/udev: Adding input device Power Button (/dev/input/event0)
[    30.126] (**) Power Button: Applying InputClass "libinput keyboard catchall"
[    30.126] (II) LoadModule: "libinput"
[    30.126] (II) Loading /usr/lib/xorg/modules/input/libinput_drv.so
[    30.130] (II) Module libinput: vendor="X.Org Foundation"
[    30.130] 	compiled for 1.20.1, module version = 0.28.1
[    30.130] 	Module class: X.Org XInput Driver
[    30.130] 	ABI class: X.Org XInput driver, version 24.1
[    30.131] (II) Using input driver 'libinput' for 'Power Button'
[    30.143] (II) systemd-logind: got fd for /dev/input/event0 13:64 fd 24 paused 0
[    30.143] (**) Power Button: always reports core events
[    30.143] (**) Option "Device" "/dev/input/event0"
[    30.143] (**) Option "_source" "server/udev"
[    30.146] (II) event0  - Power Button: is tagged by udev as: Keyboard
[    30.146] (II) event0  - Power Button: device is a keyboard
[    30.146] (II) event0  - Power Button: device removed
[    30.146] (**) Option "config_info" "udev:/sys/devices/LNXSYSTM:00/LNXPWRBN:00/input/input0/event0"
[    30.147] (II) XINPUT: Adding extended input device "Power Button" (type: KEYBOARD, id 6)
[    30.147] (**) Option "xkb_model" "SKIP"
[    30.147] (**) Option "xkb_layout" "us"
[    30.204] (II) event0  - Power Button: is tagged by udev as: Keyboard
[    30.204] (II) event0  - Power Button: device is a keyboard
[    30.208] (II) config/udev: Adding input device VMware VMware Virtual USB Mouse (/dev/input/event4)
[    30.209] (**) VMware VMware Virtual USB Mouse: Applying InputClass "libinput pointer catchall"
[    30.209] (II) Using input driver 'libinput' for 'VMware VMware Virtual USB Mouse'
[    30.272] (II) systemd-logind: got fd for /dev/input/event4 13:68 fd 27 paused 0
[    30.272] (**) VMware VMware Virtual USB Mouse: always reports core events
[    30.272] (**) Option "Device" "/dev/input/event4"
[    30.273] (**) Option "_source" "server/udev"
[    30.285] (II) event4  - VMware VMware Virtual USB Mouse: is tagged by udev as: Mouse
[    30.288] (II) event4  - VMware VMware Virtual USB Mouse: device is a pointer
[    30.288] (II) event4  - VMware VMware Virtual USB Mouse: device removed
[    30.288] (**) Option "config_info" "udev:/sys/devices/pci0000:00/0000:00:11.0/0000:02:00.0/usb2/2-1/2-1:1.0/0003:0E0F:0003.0001/input/input5/event4"
[    30.289] (II) XINPUT: Adding extended input device "VMware VMware Virtual USB Mouse" (type: MOUSE, id 7)
[    30.289] (**) Option "AccelerationScheme" "none"
[    30.291] (**) VMware VMware Virtual USB Mouse: (accel) selected scheme none/0
[    30.292] (**) VMware VMware Virtual USB Mouse: (accel) acceleration factor: 2.000
[    30.292] (**) VMware VMware Virtual USB Mouse: (accel) acceleration threshold: 4
[    30.293] (II) event4  - VMware VMware Virtual USB Mouse: is tagged by udev as: Mouse
[    30.294] (II) event4  - VMware VMware Virtual USB Mouse: device is a pointer
[    30.297] (II) config/udev: Adding input device VMware VMware Virtual USB Mouse (/dev/input/mouse2)
[    30.298] (II) No input driver specified, ignoring this device.
[    30.298] (II) This device may have been added with another device file.
[    30.300] (II) config/udev: Adding input device AT Translated Set 2 keyboard (/dev/input/event1)
[    30.300] (**) AT Translated Set 2 keyboard: Applying InputClass "libinput keyboard catchall"
[    30.300] (II) Using input driver 'libinput' for 'AT Translated Set 2 keyboard'
[    30.306] (II) systemd-logind: got fd for /dev/input/event1 13:65 fd 28 paused 0
[    30.306] (**) AT Translated Set 2 keyboard: always reports core events
[    30.306] (**) Option "Device" "/dev/input/event1"
[    30.306] (**) Option "_source" "server/udev"
[    30.308] (II) event1  - AT Translated Set 2 keyboard: is tagged by udev as: Keyboard
[    30.308] (II) event1  - AT Translated Set 2 keyboard: device is a keyboard
[    30.309] (II) event1  - AT Translated Set 2 keyboard: device removed
[    30.309] (**) Option "config_info" "udev:/sys/devices/platform/i8042/serio0/input/input1/event1"
[    30.309] (II) XINPUT: Adding extended input device "AT Translated Set 2 keyboard" (type: KEYBOARD, id 8)
[    30.310] (**) Option "xkb_model" "SKIP"
[    30.310] (**) Option "xkb_layout" "us"
[    30.321] (II) event1  - AT Translated Set 2 keyboard: is tagged by udev as: Keyboard
[    30.322] (II) event1  - AT Translated Set 2 keyboard: device is a keyboard
[    30.327] (II) config/udev: Adding input device VirtualPS/2 VMware VMMouse (/dev/input/event3)
[    30.328] (**) VirtualPS/2 VMware VMMouse: Applying InputClass "libinput pointer catchall"
[    30.328] (II) Using input driver 'libinput' for 'VirtualPS/2 VMware VMMouse'
[    30.330] (II) systemd-logind: got fd for /dev/input/event3 13:67 fd 29 paused 0
[    30.330] (**) VirtualPS/2 VMware VMMouse: always reports core events
[    30.330] (**) Option "Device" "/dev/input/event3"
[    30.330] (**) Option "_source" "server/udev"
[    30.333] (II) event3  - VirtualPS/2 VMware VMMouse: is tagged by udev as: Mouse
[    30.334] (II) event3  - VirtualPS/2 VMware VMMouse: device is a pointer
[    30.335] (II) event3  - VirtualPS/2 VMware VMMouse: device removed
[    30.335] (**) Option "config_info" "udev:/sys/devices/platform/i8042/serio1/input/input3/event3"
[    30.335] (II) XINPUT: Adding extended input device "VirtualPS/2 VMware VMMouse" (type: MOUSE, id 9)
[    30.336] (**) Option "AccelerationScheme" "none"
[    30.337] (**) VirtualPS/2 VMware VMMouse: (accel) selected scheme none/0
[    30.337] (**) VirtualPS/2 VMware VMMouse: (accel) acceleration factor: 2.000
[    30.338] (**) VirtualPS/2 VMware VMMouse: (accel) acceleration threshold: 4
[    30.339] (II) event3  - VirtualPS/2 VMware VMMouse: is tagged by udev as: Mouse
[    30.339] (II) event3  - VirtualPS/2 VMware VMMouse: device is a pointer
[    30.341] (II) config/udev: Adding input device VirtualPS/2 VMware VMMouse (/dev/input/mouse1)
[    30.342] (II) No input driver specified, ignoring this device.
[    30.342] (II) This device may have been added with another device file.
[    30.345] (II) config/udev: Adding input device VirtualPS/2 VMware VMMouse (/dev/input/event2)
[    30.345] (**) VirtualPS/2 VMware VMMouse: Applying InputClass "libinput pointer catchall"
[    30.346] (II) Using input driver 'libinput' for 'VirtualPS/2 VMware VMMouse'
[    30.348] (II) systemd-logind: got fd for /dev/input/event2 13:66 fd 30 paused 0
[    30.348] (**) VirtualPS/2 VMware VMMouse: always reports core events
[    30.348] (**) Option "Device" "/dev/input/event2"
[    30.349] (**) Option "_source" "server/udev"
[    30.351] (II) event2  - VirtualPS/2 VMware VMMouse: is tagged by udev as: Mouse
[    30.351] (II) event2  - VirtualPS/2 VMware VMMouse: device is a pointer
[    30.351] (II) event2  - VirtualPS/2 VMware VMMouse: device removed
[    30.352] (**) Option "config_info" "udev:/sys/devices/platform/i8042/serio1/input/input4/event2"
[    30.352] (II) XINPUT: Adding extended input device "VirtualPS/2 VMware VMMouse" (type: MOUSE, id 10)
[    30.352] (**) Option "AccelerationScheme" "none"
[    30.353] (**) VirtualPS/2 VMware VMMouse: (accel) selected scheme none/0
[    30.354] (**) VirtualPS/2 VMware VMMouse: (accel) acceleration factor: 2.000
[    30.355] (**) VirtualPS/2 VMware VMMouse: (accel) acceleration threshold: 4
[    30.361] (II) event2  - VirtualPS/2 VMware VMMouse: is tagged by udev as: Mouse
[    30.361] (II) event2  - VirtualPS/2 VMware VMMouse: device is a pointer
[    30.363] (II) config/udev: Adding input device VirtualPS/2 VMware VMMouse (/dev/input/mouse0)
[    30.363] (II) No input driver specified, ignoring this device.
[    30.363] (II) This device may have been added with another device file.
